<?xml version="1.0" encoding="UTF-8"?>
<!-- Generated by org.testng.reporters.JUnitReportReporter -->
<testsuite skipped="0" hostname="DESKTOP-I542CFB" name="com.abd.testcases.LoginTest" tests="1" failures="0" timestamp="18 Dec 2018 21:25:57 GMT" time="16.963" errors="0">
  <testcase name="test_valid_login" time="16.963" classname="com.abd.testcases.LoginTest"/>
</testsuite> <!-- com.abd.testcases.LoginTest -->
