<?xml version="1.0" encoding="UTF-8"?>
<!-- Generated by org.testng.reporters.JUnitReportReporter -->
<testsuite skipped="0" hostname="DESKTOP-I542CFB" name="com.abd.testcases.YmailSignUpTest" tests="2" failures="0" timestamp="18 Dec 2018 21:25:57 GMT" time="15.437" errors="0">
  <testcase name="ymailSignUp" time="12.686" classname="com.abd.testcases.YmailSignUpTest"/>
  <testcase name="ymailSignUp" time="2.751" classname="com.abd.testcases.YmailSignUpTest"/>
</testsuite> <!-- com.abd.testcases.YmailSignUpTest -->
