<?xml version="1.0" encoding="UTF-8"?>
<!-- Generated by org.testng.reporters.JUnitReportReporter -->
<testsuite hostname="DESKTOP-1542ABD" failures="0" tests="4" name="com.abd.testcases.YmailSignUpTest" time="18.351" errors="0" timestamp="16 Jan 2019 15:16:52 GMT" skipped="0">
  <testcase classname="com.abd.testcases.YmailSignUpTest" name="ymailSignUp" time="5.058"/>
  <testcase classname="com.abd.testcases.YmailSignUpTest" name="ymailSignUpWithHashTable" time="3.875"/>
  <testcase classname="com.abd.testcases.YmailSignUpTest" name="ymailSignUpWithHashTable" time="3.267"/>
  <testcase classname="com.abd.testcases.YmailSignUpTest" name="ymailSignUp" time="6.151"/>
</testsuite> <!-- com.abd.testcases.YmailSignUpTest -->
