<?xml version="1.0" encoding="UTF-8"?>
<!-- Generated by org.testng.reporters.JUnitReportReporter -->
<testsuite hostname="DESKTOP-1542ABD" failures="0" tests="3" name="com.abd.testcases.AmazonTest" time="25.645" errors="0" timestamp="16 Jan 2019 15:16:52 GMT" skipped="1">
  <testcase classname="com.abd.testcases.AmazonTest" name="amazonSearchTest" time="0.001">
    <skipped/>
  </testcase> <!-- amazonSearchTest -->
  <testcase classname="com.abd.testcases.AmazonTest" name="amazonSearchTest" time="13.438"/>
  <testcase classname="com.abd.testcases.AmazonTest" name="amazonSearchTest" time="12.206"/>
</testsuite> <!-- com.abd.testcases.AmazonTest -->
