<?xml version="1.0" encoding="UTF-8"?>
<!-- Generated by org.testng.reporters.JUnitReportReporter -->
<testsuite hostname="DESKTOP-1542ABD" failures="0" tests="1" name="com.abd.testcases.LoginTest" time="9.105" errors="0" timestamp="16 Jan 2019 15:16:52 GMT" skipped="0">
  <testcase classname="com.abd.testcases.LoginTest" name="test_valid_login" time="9.105"/>
</testsuite> <!-- com.abd.testcases.LoginTest -->
